<?xml version="1.0" encoding="UTF-8" ?>
<testsuite tests="35" failures="0" name="cucumberTest.TestRunner" time="0.008" errors="0" skipped="0">
  <properties>
[...]
</properties>
  <testcase classname="| admin | Alert1234 |" name="Given User is on Login Page and tries to login with &quot;&lt;valid&gt;&quot; username and &quot;&lt;valid&gt;&quot; password" time="0.004"/>
  <testcase classname="| admin | Alert1234 |" name="When user enters  &quot;admin&quot; and  &quot;Alert1234&quot; and generates a unique access_token" time="0"/>
  <testcase classname="| admin | Alert1234 |" name="Then user is loggedIn &quot;successfully&quot; with status code 200" time="0"/>
  <testcase classname="| admin | Alert1234 |" name="And &quot;success&quot; is &quot;true&quot;" time="0"/>
  <testcase classname="| admin | Alert1234 |" name="| admin | Alert1234 |" time="0"/>
  <testcase classname="|  |  |" name="Given User is on Login Page and tries to login with &quot;&lt;blank&gt;&quot; username and &quot;&lt;blank&gt;&quot; password" time="0"/>
  <testcase classname="|  |  |" name="When user enters  &quot;&quot; and  &quot;&quot; and generates a unique access_token" time="0"/>
  <testcase classname="|  |  |" name="Then user is loggedIn &quot;failed&quot; with status code 500" time="0"/>
  <testcase classname="|  |  |" name="And &quot;success&quot; is &quot;false&quot;" time="0"/>
  <testcase classname="|  |  |" name="|  |  |" time="0"/>
  <testcase classname="| admin |  |" name="Given User is on Login Page and tries to login with &quot;&lt;valid&gt;&quot; username and &quot;&lt;blank&gt;&quot; password" time="0"/>
  <testcase classname="| admin |  |" name="When user enters  &quot;admin&quot; and  &quot;&quot; and generates a unique access_token" time="0"/>
  <testcase classname="| admin |  |" name="Then user is loggedIn &quot;failed&quot; with status code 500" time="0"/>
  <testcase classname="| admin |  |" name="And &quot;success&quot; is &quot;false&quot;" time="0"/>
  <testcase classname="| admin |  |" name="| admin |  |" time="0.001"/>
  <testcase classname="|  | Alert1234 |" name="Given User is on Login Page and tries to login with &quot;&lt;valid&gt;&quot; username and &quot;&lt;blank&gt;&quot; password" time="0"/>
  <testcase classname="|  | Alert1234 |" name="When user enters  &quot;&quot; and  &quot;Alert1234&quot; and generates a unique access_token" time="0"/>
  <testcase classname="|  | Alert1234 |" name="Then user is loggedIn &quot;failed&quot; with status code 500" time="0"/>
  <testcase classname="|  | Alert1234 |" name="And &quot;success&quot; is &quot;false&quot;" time="0"/>
  <testcase classname="|  | Alert1234 |" name="|  | Alert1234 |" time="0.002"/>
  <testcase classname="| Invalid_username | Invalid_password |" name="Given User is on Login Page and tries to login with &quot;&lt;Invalid&gt;&quot; username and &quot;&lt;Invalid&gt;&quot; password" time="0.001"/>
  <testcase classname="| Invalid_username | Invalid_password |" name="When user enters  &quot;Invalid_username&quot; and  &quot;Invalid_password&quot; and generates a unique access_token" time="0"/>
  <testcase classname="| Invalid_username | Invalid_password |" name="Then user is loggedIn &quot;failed&quot; with status code 500" time="0"/>
  <testcase classname="| Invalid_username | Invalid_password |" name="And &quot;success&quot; is &quot;false&quot;" time="0"/>
  <testcase classname="| Invalid_username | Invalid_password |" name="| Invalid_username | Invalid_password |" time="0"/>
  <testcase classname="| admin | Invalid_password |" name="Given User is on Login Page and tries to login with &quot;&lt;valid&gt;&quot; username and &quot;&lt;Invalid&gt;&quot; password" time="0"/>
  <testcase classname="| admin | Invalid_password |" name="When user enters  &quot;admin&quot; and  &quot;Invalid_password&quot; and generates a unique access_token" time="0"/>
  <testcase classname="| admin | Invalid_password |" name="Then user is loggedIn &quot;failed&quot; with status code 500" time="0"/>
  <testcase classname="| admin | Invalid_password |" name="And &quot;success&quot; is &quot;false&quot;" time="0"/>
  <testcase classname="| admin | Invalid_password |" name="| admin | Invalid_password |" time="0"/>
  <testcase classname="| Invalid_username | Alert1234 |" name="Given User is on Login Page and tries to login with &quot;&lt;invalid&gt;&quot; username and &quot;&lt;Invalid&gt;&quot; password" time="0"/>
  <testcase classname="| Invalid_username | Alert1234 |" name="When user enters  &quot;Invalid_username&quot; and  &quot;Alert1234&quot; and generates a unique access_token" time="0"/>
  <testcase classname="| Invalid_username | Alert1234 |" name="Then user is loggedIn &quot;failed&quot; with status code 500" time="0"/>
  <testcase classname="| Invalid_username | Alert1234 |" name="And &quot;success&quot; is &quot;false&quot;" time="0"/>
  <testcase classname="| Invalid_username | Alert1234 |" name="| Invalid_username | Alert1234 |" time="0"/>
</testsuite>